<?xml version="1.0" encoding="UTF-8"?>
<!-- Generated by org.testng.reporters.JUnitReportReporter -->
<testsuite skipped="0" hostname="LAPTOP-V0HJLHIK" name="com.buffalocart.test.MyAccountPageTest" tests="4" failures="0" timestamp="2022-05-06T15:20:31 IST" time="49.423" errors="0">
  <testcase name="verify_home_page_tilte" time="12.408" classname="com.buffalocart.test.MyAccountPageTest"/>
  <system-out/>
  <testcase name="Verify_date_displeyed_in_home_page" time="11.961" classname="com.buffalocart.test.MyAccountPageTest"/>
  <system-out/>
  <testcase name="Verify_whether_user_is_navigating_to_login_page_by_clicking_on_Sign_out_button" time="13.368" classname="com.buffalocart.test.MyAccountPageTest"/>
  <system-out/>
  <testcase name="Verify_the_Usermanagement_sub_tabs" time="11.686" classname="com.buffalocart.test.MyAccountPageTest"/>
  <system-out/>
</testsuite> <!-- com.buffalocart.test.MyAccountPageTest -->
