<?xml version="1.0" encoding="UTF-8"?>
<!-- Generated by org.testng.reporters.JUnitReportReporter -->
<testsuite skipped="0" hostname="LAPTOP-V0HJLHIK" name="com.buffalocart.test.AddRolesTestPage" tests="2" failures="0" timestamp="2022-05-06T02:51:12 IST" time="56.897" errors="0">
  <testcase name="verify_Add_Roles_page_title" time="27.410" classname="com.buffalocart.test.AddRolesTestPage"/>
  <system-out/>
  <testcase name="verify_user_can_add_roles" time="29.487" classname="com.buffalocart.test.AddRolesTestPage"/>
  <system-out/>
</testsuite> <!-- com.buffalocart.test.AddRolesTestPage -->
