<?xml version="1.0" encoding="UTF-8"?>
<!-- Generated by org.testng.reporters.JUnitReportReporter -->
<testsuite skipped="0" hostname="LAPTOP-V0HJLHIK" name="com.buffalocart.test.RolesPageTest" tests="2" failures="0" timestamp="2022-05-06T15:00:32 IST" time="49.694" errors="0">
  <testcase name="verify_Roles_page_title" time="25.813" classname="com.buffalocart.test.RolesPageTest"/>
  <system-out/>
  <testcase name="verify_user_can_delete_a_role_from_the_list" time="23.881" classname="com.buffalocart.test.RolesPageTest"/>
  <system-out/>
</testsuite> <!-- com.buffalocart.test.RolesPageTest -->
