<?xml version="1.0" encoding="UTF-8"?>
<!-- Generated by org.testng.reporters.JUnitReportReporter -->
<testsuite skipped="0" hostname="LAPTOP-V0HJLHIK" name="com.buffalocart.test.UserPageTest" tests="4" failures="0" timestamp="2022-05-06T15:20:31 IST" time="87.741" errors="0">
  <testcase name="verify_Users_page_title" time="19.379" classname="com.buffalocart.test.UserPageTest"/>
  <system-out/>
  <testcase name="verify_user_search_with_valid_data" time="21.435" classname="com.buffalocart.test.UserPageTest"/>
  <system-out/>
  <testcase name="verify_message_displayed_by_user_search_with_invalid_data" time="22.620" classname="com.buffalocart.test.UserPageTest"/>
  <system-out/>
  <testcase name="verify_user_can_delete_a_user" time="24.307" classname="com.buffalocart.test.UserPageTest"/>
  <system-out/>
</testsuite> <!-- com.buffalocart.test.UserPageTest -->
