<?xml version="1.0" encoding="UTF-8"?>
<!-- Generated by org.testng.reporters.JUnitReportReporter -->
<testsuite skipped="0" hostname="LAPTOP-V0HJLHIK" name="com.buffalocart.test.ViewPageTest" tests="1" failures="0" timestamp="2022-05-06T02:51:12 IST" time="29.118" errors="0">
  <testcase name="verify_the_details_displayed_on_view_user_page" time="29.118" classname="com.buffalocart.test.ViewPageTest"/>
  <system-out/>
</testsuite> <!-- com.buffalocart.test.ViewPageTest -->
