<?xml version="1.0" encoding="UTF-8"?>
<!-- Generated by org.testng.reporters.JUnitReportReporter -->
<testsuite skipped="0" hostname="LAPTOP-V0HJLHIK" name="com.buffalocart.test.AddUserTestPage" tests="2" failures="0" timestamp="2022-05-06T02:51:12 IST" time="56.952" errors="0">
  <testcase name="verify_the_error_message_displayed_without_filling_mandatory_fields_in_add_user_form" time="30.275" classname="com.buffalocart.test.AddUserTestPage"/>
  <system-out/>
  <testcase name="verify_Add_Users_page_title" time="26.677" classname="com.buffalocart.test.AddUserTestPage"/>
  <system-out/>
</testsuite> <!-- com.buffalocart.test.AddUserTestPage -->
