<?xml version="1.0" encoding="UTF-8"?>
<!-- Generated by org.testng.reporters.JUnitReportReporter -->
<testsuite skipped="0" hostname="LAPTOP-V0HJLHIK" name="com.buffalocart.test.AddRolesTestPage" tests="2" failures="0" timestamp="2022-05-06T15:20:31 IST" time="52.442" errors="0">
  <testcase name="verify_Add_Roles_page_title" time="24.221" classname="com.buffalocart.test.AddRolesTestPage"/>
  <system-out/>
  <testcase name="verify_user_can_add_roles" time="28.221" classname="com.buffalocart.test.AddRolesTestPage"/>
  <system-out/>
</testsuite> <!-- com.buffalocart.test.AddRolesTestPage -->
