<?xml version="1.0" encoding="UTF-8"?>
<!-- Generated by org.testng.reporters.JUnitReportReporter -->
<testsuite skipped="0" hostname="LAPTOP-V0HJLHIK" name="com.buffalocart.test.LoginPageTest" tests="4" failures="0" timestamp="2022-05-06T02:51:12 IST" time="47.464" errors="0">
  <testcase name="verify_Loginpage_Title" time="8.648" classname="com.buffalocart.test.LoginPageTest"/>
  <system-out/>
  <testcase name="verify_user_login_with_valid_user_credentials" time="14.408" classname="com.buffalocart.test.LoginPageTest"/>
  <system-out/>
  <testcase name="verify_whether_the_user_is_able_to_click_on_Remember_me_checkbox" time="9.053" classname="com.buffalocart.test.LoginPageTest"/>
  <system-out/>
  <testcase name="verify_user_login_with_newly_added_user" time="15.355" classname="com.buffalocart.test.LoginPageTest"/>
  <system-out/>
</testsuite> <!-- com.buffalocart.test.LoginPageTest -->
