<?xml version="1.0" encoding="UTF-8"?>
<!-- Generated by org.testng.reporters.JUnitReportReporter -->
<testsuite skipped="0" hostname="LAPTOP-V0HJLHIK" name="com.buffalocart.test.RolesPageTest" tests="2" failures="0" timestamp="2022-05-06T02:51:12 IST" time="48.757" errors="0">
  <testcase name="verify_Roles_page_title" time="20.451" classname="com.buffalocart.test.RolesPageTest"/>
  <system-out/>
  <testcase name="verify_user_can_delete_a_role_from_the_list" time="28.306" classname="com.buffalocart.test.RolesPageTest"/>
  <system-out/>
</testsuite> <!-- com.buffalocart.test.RolesPageTest -->
