<?xml version="1.0" encoding="UTF-8"?>
<!-- Generated by org.testng.reporters.JUnitReportReporter -->
<testsuite skipped="0" hostname="LAPTOP-V0HJLHIK" name="com.buffalocart.test.EditRolePageTest" tests="2" failures="0" timestamp="2022-05-06T02:51:12 IST" time="65.799" errors="0">
  <testcase name="verify_Edit_Role_page_title" time="31.876" classname="com.buffalocart.test.EditRolePageTest"/>
  <system-out/>
  <testcase name="verify_user_can_update_a_role" time="33.923" classname="com.buffalocart.test.EditRolePageTest"/>
  <system-out/>
</testsuite> <!-- com.buffalocart.test.EditRolePageTest -->
