<?xml version="1.0" encoding="UTF-8"?>
<!-- Generated by org.testng.reporters.JUnitReportReporter -->
<testsuite skipped="0" hostname="LAPTOP-V0HJLHIK" name="com.buffalocart.test.ResetPasswordPageTest" tests="1" failures="0" timestamp="2022-05-06T02:51:12 IST" time="11.542" errors="0">
  <testcase name="verify_error_message_displyed_on_Reset_Password_page_with_invalid_email_id" time="11.542" classname="com.buffalocart.test.ResetPasswordPageTest"/>
  <system-out/>
</testsuite> <!-- com.buffalocart.test.ResetPasswordPageTest -->
