<?xml version="1.0" encoding="UTF-8"?>
<!-- Generated by org.testng.reporters.JUnitReportReporter -->
<testsuite skipped="0" hostname="LAPTOP-V0HJLHIK" name="com.buffalocart.test.EditPageTest" tests="2" failures="0" timestamp="2022-05-06T02:51:12 IST" time="61.921" errors="0">
  <testcase name="verify_Edit_User_page_title" time="27.976" classname="com.buffalocart.test.EditPageTest"/>
  <system-out/>
  <testcase name="verify_user_can_edit_the_user_details" time="33.945" classname="com.buffalocart.test.EditPageTest"/>
  <system-out/>
</testsuite> <!-- com.buffalocart.test.EditPageTest -->
